Start testing: Dec 24 01:12 Iiaineae?neia noaiaa?oiia a?aiy
----------------------------------------------------------
1/1 Testing: FirstTest
1/1 Test: FirstTest
Command: "C:/rep/test/build/Multi.exe" "1" "1"
Directory: C:/rep/test/build
"FirstTest" start time: Dec 24 01:12 Iiaineae?neia noaiaa?oiia a?aiy
Output:
----------------------------------------------------------
<end of output>
Test time =   0.01 sec
----------------------------------------------------------
Test Fail Reason:
Required regular expression not found. Regex=[The result is: 2
]
"FirstTest" end time: Dec 24 01:12 Iiaineae?neia noaiaa?oiia a?aiy
"FirstTest" time elapsed: 00:00:00
----------------------------------------------------------

End testing: Dec 24 01:12 Iiaineae?neia noaiaa?oiia a?aiy
