Start testing: Dec 25 00:00 Iiaineae?neia noaiaa?oiia a?aiy
----------------------------------------------------------
12/16 Testing: 12Test
12/16 Test: 12Test
Command: "C:/rep/test/build/Multi.exe" "3" "-5.31" "0"
Directory: C:/rep/test/build
"12Test" start time: Dec 25 00:00 Iiaineae?neia noaiaa?oiia a?aiy
Output:
----------------------------------------------------------
The result is: -0.000000
<end of output>
Test time =   0.05 sec
----------------------------------------------------------
Test Pass Reason:
Required regular expression found. Regex=[The result is: -0]
"12Test" end time: Dec 25 00:00 Iiaineae?neia noaiaa?oiia a?aiy
"12Test" time elapsed: 00:00:00
----------------------------------------------------------

8/16 Testing: 8Test
8/16 Test: 8Test
Command: "C:/rep/test/build/Multi.exe" "2" "5.31" "0"
Directory: C:/rep/test/build
"8Test" start time: Dec 25 00:00 Iiaineae?neia noaiaa?oiia a?aiy
Output:
----------------------------------------------------------
The result is: 5.310000
<end of output>
Test time =   0.05 sec
----------------------------------------------------------
Test Pass Reason:
Required regular expression found. Regex=[The result is: 5.31]
"8Test" end time: Dec 25 00:00 Iiaineae?neia noaiaa?oiia a?aiy
"8Test" time elapsed: 00:00:00
----------------------------------------------------------

11/16 Testing: 11Test
11/16 Test: 11Test
Command: "C:/rep/test/build/Multi.exe" "3" "0" "5.25"
Directory: C:/rep/test/build
"11Test" start time: Dec 25 00:00 Iiaineae?neia noaiaa?oiia a?aiy
Output:
----------------------------------------------------------
The result is: 0.000000
<end of output>
Test time =   0.05 sec
----------------------------------------------------------
Test Pass Reason:
Required regular expression found. Regex=[The result is: 0]
"11Test" end time: Dec 25 00:00 Iiaineae?neia noaiaa?oiia a?aiy
"11Test" time elapsed: 00:00:00
----------------------------------------------------------

14/16 Testing: 14Test
14/16 Test: 14Test
Command: "C:/rep/test/build/Multi.exe" "4" "-5" "-5"
Directory: C:/rep/test/build
"14Test" start time: Dec 25 00:00 Iiaineae?neia noaiaa?oiia a?aiy
Output:
----------------------------------------------------------
The result is: 1.000000
<end of output>
Test time =   0.05 sec
----------------------------------------------------------
Test Pass Reason:
Required regular expression found. Regex=[The result is: 1]
"14Test" end time: Dec 25 00:00 Iiaineae?neia noaiaa?oiia a?aiy
"14Test" time elapsed: 00:00:00
----------------------------------------------------------

15/16 Testing: 15Test
15/16 Test: 15Test
Command: "C:/rep/test/build/Multi.exe" "4" "0" "5.25"
Directory: C:/rep/test/build
"15Test" start time: Dec 25 00:00 Iiaineae?neia noaiaa?oiia a?aiy
Output:
----------------------------------------------------------
The result is: 0.000000
<end of output>
Test time =   0.05 sec
----------------------------------------------------------
Test Pass Reason:
Required regular expression found. Regex=[The result is: 0]
"15Test" end time: Dec 25 00:00 Iiaineae?neia noaiaa?oiia a?aiy
"15Test" time elapsed: 00:00:00
----------------------------------------------------------

10/16 Testing: 10Test
10/16 Test: 10Test
Command: "C:/rep/test/build/Multi.exe" "3" "-5" "-5"
Directory: C:/rep/test/build
"10Test" start time: Dec 25 00:00 Iiaineae?neia noaiaa?oiia a?aiy
Output:
----------------------------------------------------------
The result is: 25.000000
<end of output>
Test time =   0.05 sec
----------------------------------------------------------
Test Pass Reason:
Required regular expression found. Regex=[The result is: 25]
"10Test" end time: Dec 25 00:00 Iiaineae?neia noaiaa?oiia a?aiy
"10Test" time elapsed: 00:00:00
----------------------------------------------------------

16/16 Testing: 16Test
16/16 Test: 16Test
Command: "C:/rep/test/build/Multi.exe" "4" "5.31" "0"
Directory: C:/rep/test/build
"16Test" start time: Dec 25 00:00 Iiaineae?neia noaiaa?oiia a?aiy
Output:
----------------------------------------------------------
Error
<end of output>
Test time =   0.05 sec
----------------------------------------------------------
Test Pass Reason:
Required regular expression found. Regex=[Error]
"16Test" end time: Dec 25 00:00 Iiaineae?neia noaiaa?oiia a?aiy
"16Test" time elapsed: 00:00:00
----------------------------------------------------------

9/16 Testing: 9Test
9/16 Test: 9Test
Command: "C:/rep/test/build/Multi.exe" "3" "5" "5"
Directory: C:/rep/test/build
"9Test" start time: Dec 25 00:00 Iiaineae?neia noaiaa?oiia a?aiy
Output:
----------------------------------------------------------
The result is: 25.000000
<end of output>
Test time =   0.06 sec
----------------------------------------------------------
Test Pass Reason:
Required regular expression found. Regex=[The result is: 25]
"9Test" end time: Dec 25 00:00 Iiaineae?neia noaiaa?oiia a?aiy
"9Test" time elapsed: 00:00:00
----------------------------------------------------------

13/16 Testing: 13Test
13/16 Test: 13Test
Command: "C:/rep/test/build/Multi.exe" "4" "5" "5"
Directory: C:/rep/test/build
"13Test" start time: Dec 25 00:00 Iiaineae?neia noaiaa?oiia a?aiy
Output:
----------------------------------------------------------
The result is: 1.000000
<end of output>
Test time =   0.06 sec
----------------------------------------------------------
Test Pass Reason:
Required regular expression found. Regex=[The result is: 1]
"13Test" end time: Dec 25 00:00 Iiaineae?neia noaiaa?oiia a?aiy
"13Test" time elapsed: 00:00:00
----------------------------------------------------------

7/16 Testing: 7Test
7/16 Test: 7Test
Command: "C:/rep/test/build/Multi.exe" "2" "0" "5.25"
Directory: C:/rep/test/build
"7Test" start time: Dec 25 00:00 Iiaineae?neia noaiaa?oiia a?aiy
Output:
----------------------------------------------------------
The result is: -5.250000
<end of output>
Test time =   0.06 sec
----------------------------------------------------------
Test Pass Reason:
Required regular expression found. Regex=[The result is: -5.25]
"7Test" end time: Dec 25 00:00 Iiaineae?neia noaiaa?oiia a?aiy
"7Test" time elapsed: 00:00:00
----------------------------------------------------------

3/16 Testing: 3Test
3/16 Test: 3Test
Command: "C:/rep/test/build/Multi.exe" "1" "0" "5.25"
Directory: C:/rep/test/build
"3Test" start time: Dec 25 00:00 Iiaineae?neia noaiaa?oiia a?aiy
Output:
----------------------------------------------------------
The result is: 5.250000
<end of output>
Test time =   0.06 sec
----------------------------------------------------------
Test Pass Reason:
Required regular expression found. Regex=[The result is: 5.25]
"3Test" end time: Dec 25 00:00 Iiaineae?neia noaiaa?oiia a?aiy
"3Test" time elapsed: 00:00:00
----------------------------------------------------------

6/16 Testing: 6Test
6/16 Test: 6Test
Command: "C:/rep/test/build/Multi.exe" "2" "-5" "-5"
Directory: C:/rep/test/build
"6Test" start time: Dec 25 00:00 Iiaineae?neia noaiaa?oiia a?aiy
Output:
----------------------------------------------------------
The result is: 0.000000
<end of output>
Test time =   0.06 sec
----------------------------------------------------------
Test Pass Reason:
Required regular expression found. Regex=[The result is: 0]
"6Test" end time: Dec 25 00:00 Iiaineae?neia noaiaa?oiia a?aiy
"6Test" time elapsed: 00:00:00
----------------------------------------------------------

1/16 Testing: 1Test
1/16 Test: 1Test
Command: "C:/rep/test/build/Multi.exe" "1" "5" "5"
Directory: C:/rep/test/build
"1Test" start time: Dec 25 00:00 Iiaineae?neia noaiaa?oiia a?aiy
Output:
----------------------------------------------------------
The result is: 10.000000
<end of output>
Test time =   0.06 sec
----------------------------------------------------------
Test Pass Reason:
Required regular expression found. Regex=[The result is: 10]
"1Test" end time: Dec 25 00:00 Iiaineae?neia noaiaa?oiia a?aiy
"1Test" time elapsed: 00:00:00
----------------------------------------------------------

2/16 Testing: 2Test
2/16 Test: 2Test
Command: "C:/rep/test/build/Multi.exe" "1" "-5" "-5"
Directory: C:/rep/test/build
"2Test" start time: Dec 25 00:00 Iiaineae?neia noaiaa?oiia a?aiy
Output:
----------------------------------------------------------
The result is: -10.000000
<end of output>
Test time =   0.07 sec
----------------------------------------------------------
Test Pass Reason:
Required regular expression found. Regex=[The result is: -10]
"2Test" end time: Dec 25 00:00 Iiaineae?neia noaiaa?oiia a?aiy
"2Test" time elapsed: 00:00:00
----------------------------------------------------------

5/16 Testing: 5Test
5/16 Test: 5Test
Command: "C:/rep/test/build/Multi.exe" "2" "5" "5"
Directory: C:/rep/test/build
"5Test" start time: Dec 25 00:00 Iiaineae?neia noaiaa?oiia a?aiy
Output:
----------------------------------------------------------
The result is: 0.000000
<end of output>
Test time =   0.07 sec
----------------------------------------------------------
Test Pass Reason:
Required regular expression found. Regex=[The result is: 0]
"5Test" end time: Dec 25 00:00 Iiaineae?neia noaiaa?oiia a?aiy
"5Test" time elapsed: 00:00:00
----------------------------------------------------------

4/16 Testing: 4Test
4/16 Test: 4Test
Command: "C:/rep/test/build/Multi.exe" "1" "-5.31" "0"
Directory: C:/rep/test/build
"4Test" start time: Dec 25 00:00 Iiaineae?neia noaiaa?oiia a?aiy
Output:
----------------------------------------------------------
The result is: -5.310000
<end of output>
Test time =   0.07 sec
----------------------------------------------------------
Test Pass Reason:
Required regular expression found. Regex=[The result is: -5.31]
"4Test" end time: Dec 25 00:00 Iiaineae?neia noaiaa?oiia a?aiy
"4Test" time elapsed: 00:00:00
----------------------------------------------------------

End testing: Dec 25 00:00 Iiaineae?neia noaiaa?oiia a?aiy
